********************************************************************************
DUPLICATOR-LITE PACKAGE-LOG: June 21, 2022 1:49 pm
NOTICE: Do NOT post to public sites or forums 
********************************************************************************
VERSION:	1.4.6
WORDPRESS:	6.0
PHP INFO:	7.2.34 | SAPI: apache2handler
SERVER:		Apache/2.4.46 (Unix) OpenSSL/1.1.1h PHP/7.2.34 mod_perl/2.0.11 Perl/v5.32.0 
PHP TIME LIMIT: (0) no time limit imposed 
PHP MAX MEMORY: 4294967296 (512M default) 
MEMORY STACK: 16.25MB

********************************************************************************
DATABASE:
********************************************************************************
BUILD MODE:   PHP(query limit - 100)
MYSQLTIMEOUT: 5000
MYSQLDUMP:    Not Supported
TABLES: total:22 | filtered:0 | create:22
FILTERED: []
SQL CREATED: 20220621_rajarani_dfdccd2c0c8de7e18272_20220621134945_database.sql
SQL FILE SIZE: 7.49MB (7850941)
SQL FILE TIME: 2022-06-21 13:49:52
SQL RUNTIME: 0.60 sec.

********************************************************************************
ARCHIVE (ZIP):
********************************************************************************
ARCHIVE DIR:  /Applications/XAMPP/xamppfiles/htdocs/rajarani
ARCHIVE FILE: 20220621_rajarani_dfdccd2c0c8de7e18272_20220621134945_archive.zip
FILTERS: *OFF*
DIRS:
	not set
FILES:
	not set
EXTS:  not set
----------------------------------------
COMPRESSING
SIZE:	110.97MB
STATS:	Dirs 836 | Files 5,132
SQL ADDED: 20220621_rajarani_dfdccd2c0c8de7e18272_20220621134945_database.sql
ZipArchive Object
(
    [status] => 0
    [statusSys] => 0
    [numFiles] => 5968
    [filename] => /Applications/XAMPP/xamppfiles/htdocs/rajarani/wp-content/backups-dup-lite/tmp/20220621_rajarani_dfdccd2c0c8de7e18272_20220621134945_archive.zip
    [comment] => 
)

FILE ADDED TO ZIP: 5967
COMPRESSION RESULT: '1'
COMPRESSED SIZE: 41.35MB
ARCHIVE RUNTIME: 11.50 sec.
MEMORY STACK: 18.25MB
building installer
add_extra_files1
add_extra_files2
add_extra_files3
add_extra_files4
Doing archive file check
add_extra_files5
add_extra_files6
add_extra_files8
Successfully opened zip /Applications/XAMPP/xamppfiles/htdocs/rajarani/wp-content/backups-dup-lite/tmp/20220621_rajarani_dfdccd2c0c8de7e18272_20220621134945_archive.zip
Adding enhanced installer files to archive using ZipArchive
Installer files added to archive
Added to archive
After ziparchive close when adding installer

********************************************************************************
INTEGRITY CHECKS:
********************************************************************************
SQL FILE: 7.49MB
INSTALLER FILE: 64.59KB
ARCHIVE FILE: 42.38MB 
EXPECTED FILE/DIRECTORY COUNT: 5,968
ACTUAL FILE/DIRECTORY COUNT: 5,967
ARCHIVE CONSISTENCY TEST: Pass

********************************************************************************
RECORD ID:[1]
TOTAL PROCESS RUNTIME: 16.13 sec.
PEAK PHP MEMORY USED: 20.25MB
DONE PROCESSING => 20220621_rajarani June 21, 2022 1:50 pm

